Determining if the pthread_create exist failed with the following output:
Change Dir: /home/binpeng/Documents/LIO-SAM/build/CMakeFiles/CMakeTmp

Run Build Command:"/usr/bin/make" "cmTC_f7780/fast"
/usr/bin/make -f CMakeFiles/cmTC_f7780.dir/build.make CMakeFiles/cmTC_f7780.dir/build
make[1]: Entering directory '/home/binpeng/Documents/LIO-SAM/build/CMakeFiles/CMakeTmp'
Building C object CMakeFiles/cmTC_f7780.dir/CheckSymbolExists.c.o
/usr/bin/cc    -o CMakeFiles/cmTC_f7780.dir/CheckSymbolExists.c.o   -c /home/binpeng/Documents/LIO-SAM/build/CMakeFiles/CMakeTmp/CheckSymbolExists.c
Linking C executable cmTC_f7780
/opt/cmake-3.13.5-Linux-x86_64/bin/cmake -E cmake_link_script CMakeFiles/cmTC_f7780.dir/link.txt --verbose=1
/usr/bin/cc      -rdynamic CMakeFiles/cmTC_f7780.dir/CheckSymbolExists.c.o  -o cmTC_f7780 
CMakeFiles/cmTC_f7780.dir/CheckSymbolExists.c.o: In function `main':
CheckSymbolExists.c:(.text+0x16): undefined reference to `pthread_create'
collect2: error: ld returned 1 exit status
CMakeFiles/cmTC_f7780.dir/build.make:86: recipe for target 'cmTC_f7780' failed
make[1]: *** [cmTC_f7780] Error 1
make[1]: Leaving directory '/home/binpeng/Documents/LIO-SAM/build/CMakeFiles/CMakeTmp'
Makefile:121: recipe for target 'cmTC_f7780/fast' failed
make: *** [cmTC_f7780/fast] Error 2

File /home/binpeng/Documents/LIO-SAM/build/CMakeFiles/CMakeTmp/CheckSymbolExists.c:
/* */
#include <pthread.h>

int main(int argc, char** argv)
{
  (void)argv;
#ifndef pthread_create
  return ((int*)(&pthread_create))[argc];
#else
  (void)argc;
  return 0;
#endif
}

Determining if the function pthread_create exists in the pthreads failed with the following output:
Change Dir: /home/binpeng/Documents/LIO-SAM/build/CMakeFiles/CMakeTmp

Run Build Command:"/usr/bin/make" "cmTC_2bee5/fast"
/usr/bin/make -f CMakeFiles/cmTC_2bee5.dir/build.make CMakeFiles/cmTC_2bee5.dir/build
make[1]: Entering directory '/home/binpeng/Documents/LIO-SAM/build/CMakeFiles/CMakeTmp'
Building C object CMakeFiles/cmTC_2bee5.dir/CheckFunctionExists.c.o
/usr/bin/cc   -DCHECK_FUNCTION_EXISTS=pthread_create   -o CMakeFiles/cmTC_2bee5.dir/CheckFunctionExists.c.o   -c /opt/cmake-3.13.5-Linux-x86_64/share/cmake-3.13/Modules/CheckFunctionExists.c
Linking C executable cmTC_2bee5
/opt/cmake-3.13.5-Linux-x86_64/bin/cmake -E cmake_link_script CMakeFiles/cmTC_2bee5.dir/link.txt --verbose=1
/usr/bin/cc  -DCHECK_FUNCTION_EXISTS=pthread_create    -rdynamic CMakeFiles/cmTC_2bee5.dir/CheckFunctionExists.c.o  -o cmTC_2bee5 -lpthreads 
/usr/bin/ld: cannot find -lpthreads
collect2: error: ld returned 1 exit status
CMakeFiles/cmTC_2bee5.dir/build.make:86: recipe for target 'cmTC_2bee5' failed
make[1]: *** [cmTC_2bee5] Error 1
make[1]: Leaving directory '/home/binpeng/Documents/LIO-SAM/build/CMakeFiles/CMakeTmp'
Makefile:121: recipe for target 'cmTC_2bee5/fast' failed
make: *** [cmTC_2bee5/fast] Error 2


